\BOOKMARK [1][-]{section.1}{Phonology}{}% 1
\BOOKMARK [2][-]{subsection.1.1}{ATR\040Harmony}{section.1}% 2
\BOOKMARK [2][-]{subsection.1.2}{Tone}{section.1}% 3
\BOOKMARK [2][-]{subsection.1.3}{Reduplication}{section.1}% 4
\BOOKMARK [1][-]{section.2}{Word\040Classes}{}% 5
\BOOKMARK [1][-]{section.3}{The\040Noun}{}% 6
\BOOKMARK [2][-]{subsection.3.1}{Possession}{section.3}% 7
\BOOKMARK [2][-]{subsection.3.2}{Classifiers}{section.3}% 8
\BOOKMARK [3][-]{subsubsection.3.2.1}{Gender\040/\040Noun\040Class}{subsection.3.2}% 9
\BOOKMARK [3][-]{subsubsection.3.2.2}{Noun\040Classifiers}{subsection.3.2}% 10
\BOOKMARK [3][-]{subsubsection.3.2.3}{Number\040Classifiers}{subsection.3.2}% 11
\BOOKMARK [3][-]{subsubsection.3.2.4}{Possessive\040Classifiers}{subsection.3.2}% 12
\BOOKMARK [3][-]{subsubsection.3.2.5}{Verbal\040Classifiers}{subsection.3.2}% 13
\BOOKMARK [2][-]{subsection.3.3}{Case}{section.3}% 14
\BOOKMARK [3][-]{subsubsection.3.3.1}{Formal\040Marking}{subsection.3.3}% 15
\BOOKMARK [3][-]{subsubsection.3.3.2}{Accusative}{subsection.3.3}% 16
\BOOKMARK [3][-]{subsubsection.3.3.3}{Allative}{subsection.3.3}% 17
\BOOKMARK [3][-]{subsubsection.3.3.4}{Ablative}{subsection.3.3}% 18
\BOOKMARK [3][-]{subsubsection.3.3.5}{Locative}{subsection.3.3}% 19
\BOOKMARK [3][-]{subsubsection.3.3.6}{DPM}{subsection.3.3}% 20
\BOOKMARK [3][-]{subsubsection.3.3.7}{Vocative}{subsection.3.3}% 21
\BOOKMARK [1][-]{section.4}{The\040Pronoun}{}% 22
\BOOKMARK [2][-]{subsection.4.1}{Demonstratives\040and\040Deixis}{section.4}% 23
\BOOKMARK [2][-]{subsection.4.2}{Indefinites}{section.4}% 24
\BOOKMARK [1][-]{section.5}{The\040Adjective}{}% 25
\BOOKMARK [1][-]{section.6}{Numerals}{}% 26
\BOOKMARK [1][-]{section.7}{The\040Verb}{}% 27
\BOOKMARK [2][-]{subsection.7.1}{Affix\040Order}{section.7}% 28
\BOOKMARK [2][-]{subsection.7.2}{Person\040Marking}{section.7}% 29
\BOOKMARK [2][-]{subsection.7.3}{Tense\040Aspect\040Mood}{section.7}% 30
\BOOKMARK [3][-]{subsubsection.7.3.1}{Aspect}{subsection.7.3}% 31
\BOOKMARK [3][-]{subsubsection.7.3.2}{Telicity}{subsection.7.3}% 32
\BOOKMARK [3][-]{subsubsection.7.3.3}{Mood}{subsection.7.3}% 33
\BOOKMARK [2][-]{subsection.7.4}{Evidentiality,\040Mirativity,\040Egophoricity}{section.7}% 34
\BOOKMARK [2][-]{subsection.7.5}{Valency}{section.7}% 35
\BOOKMARK [3][-]{subsubsection.7.5.1}{Passive}{subsection.7.5}% 36
\BOOKMARK [2][-]{subsection.7.6}{Semantic\040Types\040and\040Their\040Frames}{section.7}% 37
\BOOKMARK [2][-]{subsection.7.7}{Associated\040Motion}{section.7}% 38
\BOOKMARK [2][-]{subsection.7.8}{Participles}{section.7}% 39
\BOOKMARK [2][-]{subsection.7.9}{Converbs}{section.7}% 40
\BOOKMARK [1][-]{section.8}{The\040Adverb}{}% 41
\BOOKMARK [1][-]{section.9}{Number}{}% 42
\BOOKMARK [2][-]{subsection.9.1}{Countability\040Classes}{section.9}% 43
\BOOKMARK [1][-]{section.10}{Constructions}{}% 44
\BOOKMARK [2][-]{subsection.10.1}{Grammatical\040Relations\040&\040Alignment}{section.10}% 45
\BOOKMARK [2][-]{subsection.10.2}{Complement\040Clauses}{section.10}% 46
\BOOKMARK [3][-]{subsubsection.10.2.1}{Epistemic\040Stance}{subsection.10.2}% 47
\BOOKMARK [3][-]{subsubsection.10.2.2}{Expletive\040Negation}{subsection.10.2}% 48
\BOOKMARK [2][-]{subsection.10.3}{Desententialization}{section.10}% 49
\BOOKMARK [2][-]{subsection.10.4}{Negation}{section.10}% 50
\BOOKMARK [2][-]{subsection.10.5}{Questions}{section.10}% 51
\BOOKMARK [2][-]{subsection.10.6}{Conditionals}{section.10}% 52
\BOOKMARK [1][-]{section.11}{Discourse}{}% 53
\BOOKMARK [2][-]{subsection.11.1}{Definiteness}{section.11}% 54
\BOOKMARK [2][-]{subsection.11.2}{Topicality}{section.11}% 55
\BOOKMARK [2][-]{subsection.11.3}{Focus}{section.11}% 56
\BOOKMARK [2][-]{subsection.11.4}{Functions}{section.11}% 57
\BOOKMARK [1][-]{section.12}{Lexicon}{}% 58
\BOOKMARK [2][-]{subsection.12.1}{Movement}{section.12}% 59
\BOOKMARK [2][-]{subsection.12.2}{The\040Body}{section.12}% 60
\BOOKMARK [2][-]{subsection.12.3}{Location\040and\040Posture}{section.12}% 61
\BOOKMARK [2][-]{subsection.12.4}{Perception}{section.12}% 62
\BOOKMARK [2][-]{subsection.12.5}{Pain}{section.12}% 63
\BOOKMARK [2][-]{subsection.12.6}{Temperature}{section.12}% 64
\BOOKMARK [2][-]{subsection.12.7}{Clause\040Connection}{section.12}% 65
\BOOKMARK [2][-]{subsection.12.8}{Compounding}{section.12}% 66
\BOOKMARK [2][-]{subsection.12.9}{Metaphors\040and\040Idiom}{section.12}% 67
\BOOKMARK [1][-]{section.13}{\376\377\003\272\003\261\037\166\000\040\003\304\037\160\000\040\003\273\003\277\003\271\003\300\037\161}{}% 68
\BOOKMARK [2][-]{subsection.13.1}{Oblique\040Strategies}{section.13}% 69
\BOOKMARK [1][-]{section.14}{Lexical\040Functions}{}% 70
\BOOKMARK [2][-]{subsection.14.1}{Structure}{section.14}% 71
\BOOKMARK [2][-]{subsection.14.2}{Fulfillment}{section.14}% 72
\BOOKMARK [2][-]{subsection.14.3}{Verbal}{section.14}% 73
\BOOKMARK [2][-]{subsection.14.4}{Nominal}{section.14}% 74
\BOOKMARK [2][-]{subsection.14.5}{Adjectival}{section.14}% 75
\BOOKMARK [2][-]{subsection.14.6}{Evaluation}{section.14}% 76
\BOOKMARK [2][-]{subsection.14.7}{Other}{section.14}% 77
\BOOKMARK [2][-]{subsection.14.8}{Modification}{section.14}% 78
\BOOKMARK [1][-]{section.15}{Sound\040Changes}{}% 79
\BOOKMARK [1][-]{section.16}{Sound\040Systems}{}% 80
\BOOKMARK [2][-]{subsection.16.1}{Chipaya}{section.16}% 81
\BOOKMARK [2][-]{subsection.16.2}{Assiniboine}{section.16}% 82
\BOOKMARK [2][-]{subsection.16.3}{Oksampmin}{section.16}% 83
\BOOKMARK [2][-]{subsection.16.4}{Pech}{section.16}% 84
\BOOKMARK [3][-]{subsubsection.16.4.1}{Ingessana}{subsection.16.4}% 85
\BOOKMARK [3][-]{subsubsection.16.4.2}{Aguacatenango\040Tzeltal}{subsection.16.4}% 86
\BOOKMARK [3][-]{subsubsection.16.4.3}{\376\377\000M\000a\000m\000a\000i\000n\000d\000\352}{subsection.16.4}% 87
\BOOKMARK [3][-]{subsubsection.16.4.4}{Qawasqar}{subsection.16.4}% 88
\BOOKMARK [3][-]{subsubsection.16.4.5}{Bardi}{subsection.16.4}% 89
\BOOKMARK [3][-]{subsubsection.16.4.6}{Burushaski}{subsection.16.4}% 90
